[2016-03-13 15:30:38,407][DEBUG][datomic.db] {:event :db/add-fulltext, :phase :begin, :pid 11268, :tid 1}
[2016-03-13 15:30:38,414][DEBUG][datomic.db] {:event :db/add-fulltext, :msec 2.8, :phase :end, :pid 11268, :tid 1}
[2016-03-13 15:30:38,432][DEBUG][datomic.db] {:event :db/add-fulltext, :phase :begin, :pid 11268, :tid 1}
[2016-03-13 15:30:38,432][DEBUG][datomic.db] {:event :db/add-fulltext, :msec 0.149, :phase :end, :pid 11268, :tid 1}
[2016-03-13 15:30:38,450][DEBUG][datomic.db] {:event :db/add-fulltext, :phase :begin, :pid 11268, :tid 1}
[2016-03-13 15:30:38,594][DEBUG][datomic.db] {:event :db/add-fulltext, :msec 144.0, :phase :end, :pid 11268, :tid 1}
[2016-03-13 15:30:38,600][DEBUG][datomic.db] {:event :db/add-fulltext, :phase :begin, :pid 11268, :tid 1}
[2016-03-13 15:30:38,600][DEBUG][datomic.db] {:event :db/add-fulltext, :msec 0.0861, :phase :end, :pid 11268, :tid 1}
[2016-03-13 15:30:38,602][DEBUG][datomic.db] {:event :db/add-fulltext, :phase :begin, :pid 11268, :tid 1}
[2016-03-13 15:30:38,620][DEBUG][datomic.db] {:event :db/add-fulltext, :msec 17.8, :phase :end, :pid 11268, :tid 1}
[2016-03-13 15:30:38,647][DEBUG][datomic.db] {:event :db/add-fulltext, :phase :begin, :pid 11268, :tid 1}
[2016-03-13 15:30:38,652][DEBUG][datomic.db] {:event :db/add-fulltext, :msec 4.59, :phase :end, :pid 11268, :tid 1}
[2016-03-13 15:30:39,046][DEBUG][datomic.db] {:event :db/add-fulltext, :phase :begin, :pid 11268, :tid 1}
[2016-03-13 15:30:39,046][DEBUG][datomic.db] {:event :db/add-fulltext, :msec 0.0685, :phase :end, :pid 11268, :tid 1}
[2016-03-13 15:30:40,040][INFO][luminus.http-server] starting HTTP server on port 3001
[2016-03-13 15:30:40,093][ERROR][luminus.http-server] server failed to start onport3001
java.net.BindException: Address already in use: bind
	at sun.nio.ch.Net.bind0(Native Method)
	at sun.nio.ch.Net.bind(Net.java:437)
	at sun.nio.ch.Net.bind(Net.java:429)
	at sun.nio.ch.ServerSocketChannelImpl.bind(ServerSocketChannelImpl.java:223)
	at sun.nio.ch.ServerSocketAdaptor.bind(ServerSocketAdaptor.java:74)
	at sun.nio.ch.ServerSocketAdaptor.bind(ServerSocketAdaptor.java:67)
	at org.httpkit.server.HttpServer.<init>(HttpServer.java:62)
	at org.httpkit.server$run_server.invokeStatic(server.clj:8)
	at org.httpkit.server$run_server.invoke(server.clj:8)
	at luminus.http_server$start.invokeStatic(http_server.clj:8)
	at luminus.http_server$start.invoke(http_server.clj:5)
	at shorelands_api.core$eval18248$fn__18249.invoke(core.clj:19)
	at mount.core$record_BANG_.invokeStatic(core.cljc:86)
	at mount.core$record_BANG_.invoke(core.cljc:85)
	at mount.core$up$fn__100.invoke(core.cljc:93)
	at mount.core$up.invokeStatic(core.cljc:92)
	at mount.core$up.invoke(core.cljc:90)
	at mount.core$bring.invokeStatic(core.cljc:206)
	at mount.core$bring.invoke(core.cljc:198)
	at mount.core$start.invokeStatic(core.cljc:246)
	at mount.core$start.doInvoke(core.cljc:242)
	at clojure.lang.RestFn.invoke(RestFn.java:397)
	at mount.core$start_with_args.invokeStatic(core.cljc:312)
	at mount.core$start_with_args.doInvoke(core.cljc:308)
	at clojure.lang.RestFn.invoke(RestFn.java:410)
	at shorelands_api.core$start_app.invokeStatic(core.clj:40)
	at shorelands_api.core$start_app.invoke(core.clj:39)
	at shorelands_api.core$eval18293.invokeStatic(core.clj:49)
	at shorelands_api.core$eval18293.invoke(core.clj:49)
	at clojure.lang.Compiler.eval(Compiler.java:6927)
	at clojure.lang.Compiler.load(Compiler.java:7379)
	at clojure.lang.RT.loadResourceScript(RT.java:372)
	at clojure.lang.RT.loadResourceScript(RT.java:363)
	at clojure.lang.RT.load(RT.java:453)
	at clojure.lang.RT.load(RT.java:419)
	at clojure.core$load$fn__5677.invoke(core.clj:5893)
	at clojure.core$load.invokeStatic(core.clj:5892)
	at clojure.core$load.doInvoke(core.clj:5876)
	at clojure.lang.RestFn.invoke(RestFn.java:408)
	at clojure.core$load_one.invokeStatic(core.clj:5697)
	at clojure.core$load_one.invoke(core.clj:5692)
	at clojure.core$load_lib$fn__5626.invoke(core.clj:5737)
	at clojure.core$load_lib.invokeStatic(core.clj:5736)
	at clojure.core$load_lib.doInvoke(core.clj:5717)
	at clojure.lang.RestFn.applyTo(RestFn.java:142)
	at clojure.core$apply.invokeStatic(core.clj:648)
	at clojure.core$load_libs.invokeStatic(core.clj:5774)
	at clojure.core$load_libs.doInvoke(core.clj:5758)
	at clojure.lang.RestFn.applyTo(RestFn.java:137)
	at clojure.core$apply.invokeStatic(core.clj:648)
	at clojure.core$require.invokeStatic(core.clj:5796)
	at clojure.core$require.doInvoke(core.clj:5796)
	at clojure.lang.RestFn.invoke(RestFn.java:421)
	at user$eval3$loading__5569__auto____4.invoke(user.clj:1)
	at user$eval3.invokeStatic(user.clj:1)
	at user$eval3.invoke(user.clj:1)
	at clojure.lang.Compiler.eval(Compiler.java:6927)
	at clojure.lang.Compiler.eval(Compiler.java:6916)
	at clojure.lang.Compiler.load(Compiler.java:7379)
	at clojure.lang.RT.loadResourceScript(RT.java:372)
	at clojure.lang.RT.loadResourceScript(RT.java:359)
	at clojure.lang.RT.maybeLoadResourceScript(RT.java:355)
	at clojure.lang.RT.doInit(RT.java:475)
	at clojure.lang.RT.<clinit>(RT.java:331)
	at clojure.main.<clinit>(main.java:20)
	at java.lang.Class.forName0(Native Method)
	at java.lang.Class.forName(Class.java:264)
	at com.intellij.rt.execution.application.AppMain.main(AppMain.java:122)
[2016-03-13 15:50:51,331][DEBUG][datomic.db] {:event :db/add-fulltext, :phase :begin, :pid 6936, :tid 1}
[2016-03-13 15:50:51,337][DEBUG][datomic.db] {:event :db/add-fulltext, :msec 3.08, :phase :end, :pid 6936, :tid 1}
[2016-03-13 15:50:51,349][DEBUG][datomic.db] {:event :db/add-fulltext, :phase :begin, :pid 6936, :tid 1}
[2016-03-13 15:50:51,349][DEBUG][datomic.db] {:event :db/add-fulltext, :msec 0.149, :phase :end, :pid 6936, :tid 1}
[2016-03-13 15:50:51,372][DEBUG][datomic.db] {:event :db/add-fulltext, :phase :begin, :pid 6936, :tid 1}
[2016-03-13 15:50:51,529][DEBUG][datomic.db] {:event :db/add-fulltext, :msec 156.0, :phase :end, :pid 6936, :tid 1}
[2016-03-13 15:50:51,538][DEBUG][datomic.db] {:event :db/add-fulltext, :phase :begin, :pid 6936, :tid 1}
[2016-03-13 15:50:51,538][DEBUG][datomic.db] {:event :db/add-fulltext, :msec 0.0945, :phase :end, :pid 6936, :tid 1}
[2016-03-13 15:50:51,541][DEBUG][datomic.db] {:event :db/add-fulltext, :phase :begin, :pid 6936, :tid 1}
[2016-03-13 15:50:51,563][DEBUG][datomic.db] {:event :db/add-fulltext, :msec 21.3, :phase :end, :pid 6936, :tid 1}
[2016-03-13 15:50:51,594][DEBUG][datomic.db] {:event :db/add-fulltext, :phase :begin, :pid 6936, :tid 1}
[2016-03-13 15:50:51,601][DEBUG][datomic.db] {:event :db/add-fulltext, :msec 6.55, :phase :end, :pid 6936, :tid 1}
[2016-03-13 15:50:51,969][DEBUG][datomic.db] {:event :db/add-fulltext, :phase :begin, :pid 6936, :tid 1}
[2016-03-13 15:50:51,969][DEBUG][datomic.db] {:event :db/add-fulltext, :msec 0.0743, :phase :end, :pid 6936, :tid 1}
[2016-03-13 15:50:53,015][INFO][luminus.http-server] starting HTTP server on port 3001
[2016-03-13 15:50:53,063][INFO][luminus.repl-server] starting nREPL server on port 7005
[2016-03-13 15:50:53,075][INFO][shorelands-api.core] #'shorelands-api.config/env started
[2016-03-13 15:50:53,075][INFO][shorelands-api.core] #'shorelands-api.core/http-server started
[2016-03-13 15:50:53,075][INFO][shorelands-api.core] #'shorelands-api.core/repl-server started
[2016-03-13 15:50:53,075][INFO][shorelands-api.env] 
-=[shorelands-api started successfully using the development profile]=-
[2016-03-13 15:50:53,108][INFO][luminus.http-server] HTTP server stopped
[2016-03-13 15:50:53,108][INFO][luminus.http-server] starting HTTP server on port 3001
[2016-03-13 15:50:53,114][INFO][luminus.repl-server] nREPL server stopped
[2016-03-13 15:50:53,114][INFO][luminus.repl-server] starting nREPL server on port 7005
[2016-03-13 15:50:53,122][INFO][shorelands-api.env] 
-=[shorelands-api started successfully using the development profile]=-
[2016-03-13 15:51:39,913][DEBUG][datomic.db] {:event :db/add-fulltext, :phase :begin, :pid 9156, :tid 1}
[2016-03-13 15:51:39,918][DEBUG][datomic.db] {:event :db/add-fulltext, :msec 2.39, :phase :end, :pid 9156, :tid 1}
[2016-03-13 15:51:39,930][DEBUG][datomic.db] {:event :db/add-fulltext, :phase :begin, :pid 9156, :tid 1}
[2016-03-13 15:51:39,931][DEBUG][datomic.db] {:event :db/add-fulltext, :msec 0.164, :phase :end, :pid 9156, :tid 1}
[2016-03-13 15:51:39,945][DEBUG][datomic.db] {:event :db/add-fulltext, :phase :begin, :pid 9156, :tid 1}
[2016-03-13 15:51:40,080][DEBUG][datomic.db] {:event :db/add-fulltext, :msec 134.0, :phase :end, :pid 9156, :tid 1}
[2016-03-13 15:51:40,086][DEBUG][datomic.db] {:event :db/add-fulltext, :phase :begin, :pid 9156, :tid 1}
[2016-03-13 15:51:40,086][DEBUG][datomic.db] {:event :db/add-fulltext, :msec 0.151, :phase :end, :pid 9156, :tid 1}
[2016-03-13 15:51:40,088][DEBUG][datomic.db] {:event :db/add-fulltext, :phase :begin, :pid 9156, :tid 1}
[2016-03-13 15:51:40,104][DEBUG][datomic.db] {:event :db/add-fulltext, :msec 15.5, :phase :end, :pid 9156, :tid 1}
[2016-03-13 15:51:40,127][DEBUG][datomic.db] {:event :db/add-fulltext, :phase :begin, :pid 9156, :tid 1}
[2016-03-13 15:51:40,131][DEBUG][datomic.db] {:event :db/add-fulltext, :msec 3.67, :phase :end, :pid 9156, :tid 1}
[2016-03-13 15:51:40,492][DEBUG][datomic.db] {:event :db/add-fulltext, :phase :begin, :pid 9156, :tid 1}
[2016-03-13 15:51:40,492][DEBUG][datomic.db] {:event :db/add-fulltext, :msec 0.0551, :phase :end, :pid 9156, :tid 1}
[2016-03-13 15:51:41,495][INFO][luminus.http-server] starting HTTP server on port 3001
[2016-03-13 15:51:41,540][ERROR][luminus.http-server] server failed to start onport3001
java.net.BindException: Address already in use: bind
	at sun.nio.ch.Net.bind0(Native Method)
	at sun.nio.ch.Net.bind(Net.java:437)
	at sun.nio.ch.Net.bind(Net.java:429)
	at sun.nio.ch.ServerSocketChannelImpl.bind(ServerSocketChannelImpl.java:223)
	at sun.nio.ch.ServerSocketAdaptor.bind(ServerSocketAdaptor.java:74)
	at sun.nio.ch.ServerSocketAdaptor.bind(ServerSocketAdaptor.java:67)
	at org.httpkit.server.HttpServer.<init>(HttpServer.java:62)
	at org.httpkit.server$run_server.invokeStatic(server.clj:8)
	at org.httpkit.server$run_server.invoke(server.clj:8)
	at luminus.http_server$start.invokeStatic(http_server.clj:8)
	at luminus.http_server$start.invoke(http_server.clj:5)
	at shorelands_api.core$eval18248$fn__18249.invoke(core.clj:19)
	at mount.core$record_BANG_.invokeStatic(core.cljc:86)
	at mount.core$record_BANG_.invoke(core.cljc:85)
	at mount.core$up$fn__100.invoke(core.cljc:93)
	at mount.core$up.invokeStatic(core.cljc:92)
	at mount.core$up.invoke(core.cljc:90)
	at mount.core$bring.invokeStatic(core.cljc:206)
	at mount.core$bring.invoke(core.cljc:198)
	at mount.core$start.invokeStatic(core.cljc:246)
	at mount.core$start.doInvoke(core.cljc:242)
	at clojure.lang.RestFn.invoke(RestFn.java:397)
	at mount.core$start_with_args.invokeStatic(core.cljc:312)
	at mount.core$start_with_args.doInvoke(core.cljc:308)
	at clojure.lang.RestFn.invoke(RestFn.java:410)
	at shorelands_api.core$start_app.invokeStatic(core.clj:40)
	at shorelands_api.core$start_app.invoke(core.clj:39)
	at shorelands_api.core$eval18293.invokeStatic(core.clj:49)
	at shorelands_api.core$eval18293.invoke(core.clj:49)
	at clojure.lang.Compiler.eval(Compiler.java:6927)
	at clojure.lang.Compiler.load(Compiler.java:7379)
	at clojure.lang.RT.loadResourceScript(RT.java:372)
	at clojure.lang.RT.loadResourceScript(RT.java:363)
	at clojure.lang.RT.load(RT.java:453)
	at clojure.lang.RT.load(RT.java:419)
	at clojure.core$load$fn__5677.invoke(core.clj:5893)
	at clojure.core$load.invokeStatic(core.clj:5892)
	at clojure.core$load.doInvoke(core.clj:5876)
	at clojure.lang.RestFn.invoke(RestFn.java:408)
	at clojure.core$load_one.invokeStatic(core.clj:5697)
	at clojure.core$load_one.invoke(core.clj:5692)
	at clojure.core$load_lib$fn__5626.invoke(core.clj:5737)
	at clojure.core$load_lib.invokeStatic(core.clj:5736)
	at clojure.core$load_lib.doInvoke(core.clj:5717)
	at clojure.lang.RestFn.applyTo(RestFn.java:142)
	at clojure.core$apply.invokeStatic(core.clj:648)
	at clojure.core$load_libs.invokeStatic(core.clj:5774)
	at clojure.core$load_libs.doInvoke(core.clj:5758)
	at clojure.lang.RestFn.applyTo(RestFn.java:137)
	at clojure.core$apply.invokeStatic(core.clj:648)
	at clojure.core$require.invokeStatic(core.clj:5796)
	at clojure.core$require.doInvoke(core.clj:5796)
	at clojure.lang.RestFn.invoke(RestFn.java:421)
	at user$eval3$loading__5569__auto____4.invoke(user.clj:1)
	at user$eval3.invokeStatic(user.clj:1)
	at user$eval3.invoke(user.clj:1)
	at clojure.lang.Compiler.eval(Compiler.java:6927)
	at clojure.lang.Compiler.eval(Compiler.java:6916)
	at clojure.lang.Compiler.load(Compiler.java:7379)
	at clojure.lang.RT.loadResourceScript(RT.java:372)
	at clojure.lang.RT.loadResourceScript(RT.java:359)
	at clojure.lang.RT.maybeLoadResourceScript(RT.java:355)
	at clojure.lang.RT.doInit(RT.java:475)
	at clojure.lang.RT.<clinit>(RT.java:331)
	at clojure.main.<clinit>(main.java:20)
[2016-03-13 16:00:22,006][DEBUG][datomic.db] {:event :db/add-fulltext, :phase :begin, :pid 12948, :tid 1}
[2016-03-13 16:00:22,012][DEBUG][datomic.db] {:event :db/add-fulltext, :msec 3.22, :phase :end, :pid 12948, :tid 1}
[2016-03-13 16:00:22,023][DEBUG][datomic.db] {:event :db/add-fulltext, :phase :begin, :pid 12948, :tid 1}
[2016-03-13 16:00:22,023][DEBUG][datomic.db] {:event :db/add-fulltext, :msec 0.135, :phase :end, :pid 12948, :tid 1}
[2016-03-13 16:00:22,043][DEBUG][datomic.db] {:event :db/add-fulltext, :phase :begin, :pid 12948, :tid 1}
[2016-03-13 16:00:22,177][DEBUG][datomic.db] {:event :db/add-fulltext, :msec 135.0, :phase :end, :pid 12948, :tid 1}
[2016-03-13 16:00:22,183][DEBUG][datomic.db] {:event :db/add-fulltext, :phase :begin, :pid 12948, :tid 1}
[2016-03-13 16:00:22,183][DEBUG][datomic.db] {:event :db/add-fulltext, :msec 0.0849, :phase :end, :pid 12948, :tid 1}
[2016-03-13 16:00:22,185][DEBUG][datomic.db] {:event :db/add-fulltext, :phase :begin, :pid 12948, :tid 1}
[2016-03-13 16:00:22,202][DEBUG][datomic.db] {:event :db/add-fulltext, :msec 16.7, :phase :end, :pid 12948, :tid 1}
[2016-03-13 16:00:22,232][DEBUG][datomic.db] {:event :db/add-fulltext, :phase :begin, :pid 12948, :tid 1}
[2016-03-13 16:00:22,238][DEBUG][datomic.db] {:event :db/add-fulltext, :msec 5.86, :phase :end, :pid 12948, :tid 1}
[2016-03-13 16:00:22,516][DEBUG][datomic.db] {:event :db/add-fulltext, :phase :begin, :pid 12948, :tid 1}
[2016-03-13 16:00:22,516][DEBUG][datomic.db] {:event :db/add-fulltext, :msec 0.0805, :phase :end, :pid 12948, :tid 1}
[2016-03-13 16:00:23,573][INFO][luminus.http-server] starting HTTP server on port 3001
[2016-03-13 16:00:23,649][INFO][luminus.repl-server] starting nREPL server on port 7005
[2016-03-13 16:00:23,667][INFO][shorelands-api.core] #'shorelands-api.config/env started
[2016-03-13 16:00:23,668][INFO][shorelands-api.core] #'shorelands-api.core/http-server started
[2016-03-13 16:00:23,668][INFO][shorelands-api.core] #'shorelands-api.core/repl-server started
[2016-03-13 16:00:23,668][INFO][shorelands-api.env] 
-=[shorelands-api started successfully using the development profile]=-
[2016-03-13 16:00:23,720][INFO][luminus.http-server] HTTP server stopped
[2016-03-13 16:00:23,721][INFO][luminus.http-server] starting HTTP server on port 3001
[2016-03-13 16:00:23,728][INFO][luminus.repl-server] nREPL server stopped
[2016-03-13 16:00:23,729][INFO][luminus.repl-server] starting nREPL server on port 7005
[2016-03-13 16:00:23,740][INFO][shorelands-api.env] 
-=[shorelands-api started successfully using the development profile]=-
[2016-03-13 16:09:21,163][DEBUG][datomic.db] {:event :db/add-fulltext, :phase :begin, :pid 11144, :tid 1}
[2016-03-13 16:09:21,169][DEBUG][datomic.db] {:event :db/add-fulltext, :msec 2.7, :phase :end, :pid 11144, :tid 1}
[2016-03-13 16:09:21,183][DEBUG][datomic.db] {:event :db/add-fulltext, :phase :begin, :pid 11144, :tid 1}
[2016-03-13 16:09:21,184][DEBUG][datomic.db] {:event :db/add-fulltext, :msec 0.241, :phase :end, :pid 11144, :tid 1}
[2016-03-13 16:09:21,203][DEBUG][datomic.db] {:event :db/add-fulltext, :phase :begin, :pid 11144, :tid 1}
[2016-03-13 16:09:21,328][DEBUG][datomic.db] {:event :db/add-fulltext, :msec 125.0, :phase :end, :pid 11144, :tid 1}
[2016-03-13 16:09:21,333][DEBUG][datomic.db] {:event :db/add-fulltext, :phase :begin, :pid 11144, :tid 1}
[2016-03-13 16:09:21,333][DEBUG][datomic.db] {:event :db/add-fulltext, :msec 0.074, :phase :end, :pid 11144, :tid 1}
[2016-03-13 16:09:21,335][DEBUG][datomic.db] {:event :db/add-fulltext, :phase :begin, :pid 11144, :tid 1}
[2016-03-13 16:09:21,362][DEBUG][datomic.db] {:event :db/add-fulltext, :msec 26.0, :phase :end, :pid 11144, :tid 1}
[2016-03-13 16:09:21,399][DEBUG][datomic.db] {:event :db/add-fulltext, :phase :begin, :pid 11144, :tid 1}
[2016-03-13 16:09:21,405][DEBUG][datomic.db] {:event :db/add-fulltext, :msec 5.77, :phase :end, :pid 11144, :tid 1}
[2016-03-13 16:09:21,803][DEBUG][datomic.db] {:event :db/add-fulltext, :phase :begin, :pid 11144, :tid 1}
[2016-03-13 16:09:21,803][DEBUG][datomic.db] {:event :db/add-fulltext, :msec 0.0808, :phase :end, :pid 11144, :tid 1}
[2016-03-13 16:09:22,829][INFO][luminus.http-server] starting HTTP server on port 3001
[2016-03-13 16:09:22,879][ERROR][luminus.http-server] server failed to start onport3001
java.net.BindException: Address already in use: bind
	at sun.nio.ch.Net.bind0(Native Method)
	at sun.nio.ch.Net.bind(Net.java:437)
	at sun.nio.ch.Net.bind(Net.java:429)
	at sun.nio.ch.ServerSocketChannelImpl.bind(ServerSocketChannelImpl.java:223)
	at sun.nio.ch.ServerSocketAdaptor.bind(ServerSocketAdaptor.java:74)
	at sun.nio.ch.ServerSocketAdaptor.bind(ServerSocketAdaptor.java:67)
	at org.httpkit.server.HttpServer.<init>(HttpServer.java:62)
	at org.httpkit.server$run_server.invokeStatic(server.clj:8)
	at org.httpkit.server$run_server.invoke(server.clj:8)
	at luminus.http_server$start.invokeStatic(http_server.clj:8)
	at luminus.http_server$start.invoke(http_server.clj:5)
	at shorelands_api.core$eval18248$fn__18249.invoke(core.clj:19)
	at mount.core$record_BANG_.invokeStatic(core.cljc:86)
	at mount.core$record_BANG_.invoke(core.cljc:85)
	at mount.core$up$fn__100.invoke(core.cljc:93)
	at mount.core$up.invokeStatic(core.cljc:92)
	at mount.core$up.invoke(core.cljc:90)
	at mount.core$bring.invokeStatic(core.cljc:206)
	at mount.core$bring.invoke(core.cljc:198)
	at mount.core$start.invokeStatic(core.cljc:246)
	at mount.core$start.doInvoke(core.cljc:242)
	at clojure.lang.RestFn.invoke(RestFn.java:397)
	at mount.core$start_with_args.invokeStatic(core.cljc:312)
	at mount.core$start_with_args.doInvoke(core.cljc:308)
	at clojure.lang.RestFn.invoke(RestFn.java:410)
	at shorelands_api.core$start_app.invokeStatic(core.clj:40)
	at shorelands_api.core$start_app.invoke(core.clj:39)
	at shorelands_api.core$eval18293.invokeStatic(core.clj:49)
	at shorelands_api.core$eval18293.invoke(core.clj:49)
	at clojure.lang.Compiler.eval(Compiler.java:6927)
	at clojure.lang.Compiler.load(Compiler.java:7379)
	at clojure.lang.RT.loadResourceScript(RT.java:372)
	at clojure.lang.RT.loadResourceScript(RT.java:363)
	at clojure.lang.RT.load(RT.java:453)
	at clojure.lang.RT.load(RT.java:419)
	at clojure.core$load$fn__5677.invoke(core.clj:5893)
	at clojure.core$load.invokeStatic(core.clj:5892)
	at clojure.core$load.doInvoke(core.clj:5876)
	at clojure.lang.RestFn.invoke(RestFn.java:408)
	at clojure.core$load_one.invokeStatic(core.clj:5697)
	at clojure.core$load_one.invoke(core.clj:5692)
	at clojure.core$load_lib$fn__5626.invoke(core.clj:5737)
	at clojure.core$load_lib.invokeStatic(core.clj:5736)
	at clojure.core$load_lib.doInvoke(core.clj:5717)
	at clojure.lang.RestFn.applyTo(RestFn.java:142)
	at clojure.core$apply.invokeStatic(core.clj:648)
	at clojure.core$load_libs.invokeStatic(core.clj:5774)
	at clojure.core$load_libs.doInvoke(core.clj:5758)
	at clojure.lang.RestFn.applyTo(RestFn.java:137)
	at clojure.core$apply.invokeStatic(core.clj:648)
	at clojure.core$require.invokeStatic(core.clj:5796)
	at clojure.core$require.doInvoke(core.clj:5796)
	at clojure.lang.RestFn.invoke(RestFn.java:421)
	at user$eval3$loading__5569__auto____4.invoke(user.clj:1)
	at user$eval3.invokeStatic(user.clj:1)
	at user$eval3.invoke(user.clj:1)
	at clojure.lang.Compiler.eval(Compiler.java:6927)
	at clojure.lang.Compiler.eval(Compiler.java:6916)
	at clojure.lang.Compiler.load(Compiler.java:7379)
	at clojure.lang.RT.loadResourceScript(RT.java:372)
	at clojure.lang.RT.loadResourceScript(RT.java:359)
	at clojure.lang.RT.maybeLoadResourceScript(RT.java:355)
	at clojure.lang.RT.doInit(RT.java:475)
	at clojure.lang.RT.<clinit>(RT.java:331)
	at clojure.main.<clinit>(main.java:20)
